#
# There is insufficient memory for the Java Runtime Environment to continue.
# Native memory allocation (malloc) failed to allocate 1048576 bytes for AllocateHeap
# Possible reasons:
#   The system is out of physical RAM or swap space
#   In 32 bit mode, the process size limit was hit
# Possible solutions:
#   Reduce memory load on the system
#   Increase physical memory or swap space
#   Check if swap backing store is full
#   Use 64 bit Java on a 64 bit OS
#   Decrease Java heap size (-Xmx/-Xms)
#   Decrease number of Java threads
#   Decrease Java thread stack sizes (-Xss)
#   Set larger code cache with -XX:ReservedCodeCacheSize=
# This output file may be truncated or incomplete.
#
#  Out of Memory Error (memory/allocation.inline.hpp:61), pid=24224, tid=0x00000000000078f8
#
# JRE version:  (8.0) (build )
# Java VM: OpenJDK 64-Bit Server VM (25.71-b00 mixed mode windows-amd64 compressed oops)
# Failed to write core dump. Minidumps are not enabled by default on client versions of Windows
#

---------------  T H R E A D  ---------------

Current thread (0x000000000259e000):  JavaThread "Unknown thread" [_thread_in_vm, id=30968, stack(0x0000000002470000,0x0000000002570000)]

Stack: [0x0000000002470000,0x0000000002570000]
[error occurred during error reporting (printing stack bounds), id 0xc0000005]

Native frames: (J=compiled Java code, j=interpreted, Vv=VM code, C=native code)


---------------  P R O C E S S  ---------------

Java Threads: ( => current thread )

Other Threads:

=>0x000000000259e000 (exited) JavaThread "Unknown thread" [_thread_in_vm, id=30968, stack(0x0000000002470000,0x0000000002570000)]

VM state:not at safepoint (normal execution)

VM Mutex/Monitor currently owned by a thread: None

Heap:
 PSYoungGen      total 76288K, used 1310K [0x000000076b100000, 0x0000000770600000, 0x00000007c0000000)
  eden space 65536K, 2% used [0x000000076b100000,0x000000076b247af0,0x000000076f100000)
  from space 10752K, 0% used [0x000000076fb80000,0x000000076fb80000,0x0000000770600000)
  to   space 10752K, 0% used [0x000000076f100000,0x000000076f100000,0x000000076fb80000)
 ParOldGen       total 175104K, used 0K [0x00000006c1200000, 0x00000006cbd00000, 0x000000076b100000)
  object space 175104K, 0% used [0x00000006c1200000,0x00000006c1200000,0x00000006cbd00000)
 Metaspace       used 777K, capacity 4480K, committed 4480K, reserved 1056768K
  class space    used 74K, capacity 384K, committed 384K, reserved 1048576K

Card table byte_map: [0x0000000011e00000,0x0000000012600000] byte_map_base: 0x000000000e7f7000

Marking Bits: (ParMarkBitMap*) 0x00000000681cbe50
 Begin Bits: [0x0000000013550000, 0x0000000017508000)
 End Bits:   [0x0000000017508000, 0x000000001b4c0000)

Polling page: 0x00000000003d0000

CodeCache: size=245760Kb used=327Kb max_used=327Kb free=245432Kb
 bounds [0x0000000002a40000, 0x0000000002cb0000, 0x0000000011a40000]
 total_blobs=56 nmethods=0 adapters=38
 compilation: enabled

Compilation events (0 events):
No events

GC Heap History (0 events):
No events

Deoptimization events (0 events):
No events

Classes redefined (0 events):
No events

Internal exceptions (0 events):
No events

Events (10 events):
Event: 0.019 loading class java/lang/Short
Event: 0.019 loading class java/lang/Short done
Event: 0.019 loading class java/lang/Integer
Event: 0.019 loading class java/lang/Integer done
Event: 0.019 loading class java/lang/Long
Event: 0.019 loading class java/lang/Long done
Event: 0.020 loading class java/lang/NullPointerException
Event: 0.020 loading class java/lang/NullPointerException done
Event: 0.020 loading class java/lang/ArithmeticException
Event: 0.020 loading class java/lang/ArithmeticException done


Dynamic libraries:
0x00007ff6854b0000 - 0x00007ff6854e5000 	C:\Program Files\Unity\Hub\Editor\2019.4.6f1\Editor\Data\PlaybackEngines\AndroidPlayer\OpenJDK\bin\java.exe
0x00007ff845650000 - 0x00007ff845848000 	C:\WINDOWS\SYSTEM32\ntdll.dll
0x00007ff845070000 - 0x00007ff84512d000 	C:\WINDOWS\System32\KERNEL32.DLL
0x00007ff842d70000 - 0x00007ff84303e000 	C:\WINDOWS\System32\KERNELBASE.dll
0x00007ff844780000 - 0x00007ff84482e000 	C:\WINDOWS\System32\ADVAPI32.dll
0x00007ff844120000 - 0x00007ff8441be000 	C:\WINDOWS\System32\msvcrt.dll
0x00007ff8444f0000 - 0x00007ff84458c000 	C:\WINDOWS\System32\sechost.dll
0x00007ff8452f0000 - 0x00007ff845415000 	C:\WINDOWS\System32\RPCRT4.dll
0x00007ff845130000 - 0x00007ff8452d0000 	C:\WINDOWS\System32\USER32.dll
0x00007ff843570000 - 0x00007ff843592000 	C:\WINDOWS\System32\win32u.dll
0x00007ff844590000 - 0x00007ff8445ba000 	C:\WINDOWS\System32\GDI32.dll
0x00007ff8435a0000 - 0x00007ff8436ab000 	C:\WINDOWS\System32\gdi32full.dll
0x00007ff843350000 - 0x00007ff8433ed000 	C:\WINDOWS\System32\msvcp_win.dll
0x00007ff843250000 - 0x00007ff843350000 	C:\WINDOWS\System32\ucrtbase.dll
0x00007ff83a270000 - 0x00007ff83a50a000 	C:\WINDOWS\WinSxS\amd64_microsoft.windows.common-controls_6595b64144ccf1df_6.0.19041.1110_none_60b5254171f9507e\COMCTL32.dll
0x00007ff843b40000 - 0x00007ff843b70000 	C:\WINDOWS\System32\IMM32.DLL
0x0000000068250000 - 0x0000000068322000 	C:\Program Files\Unity\Hub\Editor\2019.4.6f1\Editor\Data\PlaybackEngines\AndroidPlayer\OpenJDK\jre\bin\msvcr100.dll
0x0000000067a00000 - 0x0000000068249000 	C:\Program Files\Unity\Hub\Editor\2019.4.6f1\Editor\Data\PlaybackEngines\AndroidPlayer\OpenJDK\jre\bin\server\jvm.dll
0x00007ff844430000 - 0x00007ff844438000 	C:\WINDOWS\System32\PSAPI.DLL
0x00007ff83cf10000 - 0x00007ff83cf1a000 	C:\WINDOWS\SYSTEM32\VERSION.dll
0x00007ff83fb70000 - 0x00007ff83fb79000 	C:\WINDOWS\SYSTEM32\WSOCK32.dll
0x00007ff833e20000 - 0x00007ff833e47000 	C:\WINDOWS\SYSTEM32\WINMM.dll
0x00007ff845420000 - 0x00007ff84548b000 	C:\WINDOWS\System32\WS2_32.dll
0x00007ff825d00000 - 0x00007ff825d0f000 	C:\Program Files\Unity\Hub\Editor\2019.4.6f1\Editor\Data\PlaybackEngines\AndroidPlayer\OpenJDK\jre\bin\verify.dll
0x00007ff81c570000 - 0x00007ff81c599000 	C:\Program Files\Unity\Hub\Editor\2019.4.6f1\Editor\Data\PlaybackEngines\AndroidPlayer\OpenJDK\jre\bin\java.dll
0x00007ff819d50000 - 0x00007ff819d66000 	C:\Program Files\Unity\Hub\Editor\2019.4.6f1\Editor\Data\PlaybackEngines\AndroidPlayer\OpenJDK\jre\bin\zip.dll

VM Arguments:
java_command: <unknown>
java_class_path (initial): .
Launcher Type: SUN_STANDARD

Environment Variables:
JAVA_HOME=C:/Program Files/Unity/Hub/Editor/2019.4.6f1/Editor/Data/PlaybackEngines/AndroidPlayer\OpenJDK
PATH=C:\Program Files (x86)\NAT Service;C:\Program Files (x86)\Razer Chroma SDK\bin;C:\Program Files\Razer Chroma SDK\bin;C:\Program Files (x86)\Razer\ChromaBroadcast\bin;C:\Program Files\Razer\ChromaBroadcast\bin;C:\WINDOWS\system32;C:\WINDOWS;C:\WINDOWS\System32\Wbem;C:\WINDOWS\System32\WindowsPowerShell\v1.0\;C:\WINDOWS\System32\OpenSSH\;C:\Users\alsdn\AppData\Local\Microsoft\WindowsApps;C:\Program Files\Bandizip\;C:\Program Files (x86)\NVIDIA Corporation\PhysX\Common;C:\Program Files\NVIDIA Corporation\NVIDIA NvDLISR;C:\Users\alsdn\.dotnet\tools;C:\WINDOWS\system32;C:\WINDOWS;C:\WINDOWS\System32\Wbem;C:\WINDOWS\System32\WindowsPowerShell\v1.0\;C:\WINDOWS\System32\OpenSSH\;C:\Program Files\Microsoft SQL Server\Client SDK\ODBC\170\Tools\Binn\;C:\Program Files (x86)\Microsoft SQL Server\150\Tools\Binn\;C:\Program Files\Microsoft SQL Server\150\Tools\Binn\;C:\Program Files\Microsoft SQL Server\150\DTS\Binn\;C:\Program Files (x86)\Microsoft SQL Server\150\DTS\Binn\;C:\Program Files\Azure Data Studio\bin;C:\Program Files\Microsoft SQL Server\130\Tools\Binn\;C:\Program Files\Git LFS;C:\Program Files\Git\cmd;C:\Program Files\dotnet\;C:\Users\alsdn\AppData\Local\Microsoft\WindowsApps;C:\Program Files\Bandizip\;C:\Users\alsdn\.dotnet\tools;C:\Program Files\Azure Data Studio\bin;C:\Users\alsdn\AppData\Local\atom\bin;C:\Users\alsdn\AppData\Local\GitHubDesktop\bin;C:\Users\alsdn\.dotnet\tools
USERNAME=Woong
OS=Windows_NT
PROCESSOR_IDENTIFIER=AMD64 Family 23 Model 113 Stepping 0, AuthenticAMD



---------------  S Y S T E M  ---------------

OS: Windows 10.0 , 64 bit Build 19041 (10.0.19041.1806)

CPU:total 12 (initial active 12) (12 cores per cpu, 1 threads per core) family 23 model 113 stepping 0, cmov, cx8, fxsr, mmx, sse, sse2, sse3, ssse3, sse4.1, sse4.2, popcnt, avx, avx2, aes, clmul, mmxext, 3dnowpref, lzcnt, sse4a, tsc, tscinvbit, tscinv, bmi1

Memory: 4k page, physical 16700584k(7826968k free), swap 18797736k(5572k free)

vm_info: OpenJDK 64-Bit Server VM (25.71-b00) for windows-amd64 JRE (1.8.0-adoptopenjdk-_2018_05_19_00_59-b00), built on May 19 2018 01:02:12 by "jenkins" with MS VC++ 10.0 (VS2010)

time: Thu Jul 28 00:19:33 2022
elapsed time: 0 seconds (0d 0h 0m 0s)

