#
# There is insufficient memory for the Java Runtime Environment to continue.
# Native memory allocation (malloc) failed to allocate 1048576 bytes for AllocateHeap
# Possible reasons:
#   The system is out of physical RAM or swap space
#   In 32 bit mode, the process size limit was hit
# Possible solutions:
#   Reduce memory load on the system
#   Increase physical memory or swap space
#   Check if swap backing store is full
#   Use 64 bit Java on a 64 bit OS
#   Decrease Java heap size (-Xmx/-Xms)
#   Decrease number of Java threads
#   Decrease Java thread stack sizes (-Xss)
#   Set larger code cache with -XX:ReservedCodeCacheSize=
# This output file may be truncated or incomplete.
#
#  Out of Memory Error (memory/allocation.inline.hpp:61), pid=31976, tid=0x0000000000006c50
#
# JRE version:  (8.0) (build )
# Java VM: OpenJDK 64-Bit Server VM (25.71-b00 mixed mode windows-amd64 compressed oops)
# Failed to write core dump. Minidumps are not enabled by default on client versions of Windows
#

---------------  T H R E A D  ---------------

Current thread (0x000000000320e000):  JavaThread "Unknown thread" [_thread_in_vm, id=27728, stack(0x00000000030e0000,0x00000000031e0000)]

Stack: [0x00000000030e0000,0x00000000031e0000]
[error occurred during error reporting (printing stack bounds), id 0xc0000005]

Native frames: (J=compiled Java code, j=interpreted, Vv=VM code, C=native code)


---------------  P R O C E S S  ---------------

Java Threads: ( => current thread )

Other Threads:

=>0x000000000320e000 (exited) JavaThread "Unknown thread" [_thread_in_vm, id=27728, stack(0x00000000030e0000,0x00000000031e0000)]

VM state:not at safepoint (normal execution)

VM Mutex/Monitor currently owned by a thread: None

Heap:
 PSYoungGen      total 76288K, used 1310K [0x000000076b100000, 0x0000000770600000, 0x00000007c0000000)
  eden space 65536K, 2% used [0x000000076b100000,0x000000076b247af0,0x000000076f100000)
  from space 10752K, 0% used [0x000000076fb80000,0x000000076fb80000,0x0000000770600000)
  to   space 10752K, 0% used [0x000000076f100000,0x000000076f100000,0x000000076fb80000)
 ParOldGen       total 175104K, used 0K [0x00000006c1200000, 0x00000006cbd00000, 0x000000076b100000)
  object space 175104K, 0% used [0x00000006c1200000,0x00000006c1200000,0x00000006cbd00000)
 Metaspace       used 777K, capacity 4480K, committed 4480K, reserved 1056768K
  class space    used 74K, capacity 384K, committed 384K, reserved 1048576K

Card table byte_map: [0x00000000126d0000,0x0000000012ed0000] byte_map_base: 0x000000000f0c7000

Marking Bits: (ParMarkBitMap*) 0x000000005afcbe50
 Begin Bits: [0x0000000013e20000, 0x0000000017dd8000)
 End Bits:   [0x0000000017dd8000, 0x000000001bd90000)

Polling page: 0x0000000000bd0000

CodeCache: size=245760Kb used=327Kb max_used=327Kb free=245432Kb
 bounds [0x0000000003310000, 0x0000000003580000, 0x0000000012310000]
 total_blobs=56 nmethods=0 adapters=38
 compilation: enabled

Compilation events (0 events):
No events

GC Heap History (0 events):
No events

Deoptimization events (0 events):
No events

Classes redefined (0 events):
No events

Internal exceptions (0 events):
No events

Events (10 events):
Event: 0.017 loading class java/lang/Short
Event: 0.017 loading class java/lang/Short done
Event: 0.017 loading class java/lang/Integer
Event: 0.018 loading class java/lang/Integer done
Event: 0.018 loading class java/lang/Long
Event: 0.018 loading class java/lang/Long done
Event: 0.018 loading class java/lang/NullPointerException
Event: 0.018 loading class java/lang/NullPointerException done
Event: 0.018 loading class java/lang/ArithmeticException
Event: 0.018 loading class java/lang/ArithmeticException done


Dynamic libraries:
0x00007ff63c2b0000 - 0x00007ff63c2e5000 	C:\Program Files\Unity\Hub\Editor\2019.4.6f1\Editor\Data\PlaybackEngines\AndroidPlayer\OpenJDK\bin\java.exe
0x00007ffd4ee90000 - 0x00007ffd4f088000 	C:\WINDOWS\SYSTEM32\ntdll.dll
0x00007ffd4de10000 - 0x00007ffd4decd000 	C:\WINDOWS\System32\KERNEL32.DLL
0x00007ffd4c5b0000 - 0x00007ffd4c87e000 	C:\WINDOWS\System32\KERNELBASE.dll
0x00007ffd4d170000 - 0x00007ffd4d21e000 	C:\WINDOWS\System32\ADVAPI32.dll
0x00007ffd4ea10000 - 0x00007ffd4eaae000 	C:\WINDOWS\System32\msvcrt.dll
0x00007ffd4db90000 - 0x00007ffd4dc2c000 	C:\WINDOWS\System32\sechost.dll
0x00007ffd4d220000 - 0x00007ffd4d345000 	C:\WINDOWS\System32\RPCRT4.dll
0x00007ffd4cfd0000 - 0x00007ffd4d170000 	C:\WINDOWS\System32\USER32.dll
0x00007ffd4cb70000 - 0x00007ffd4cb92000 	C:\WINDOWS\System32\win32u.dll
0x00007ffd4e870000 - 0x00007ffd4e89a000 	C:\WINDOWS\System32\GDI32.dll
0x00007ffd4cba0000 - 0x00007ffd4ccab000 	C:\WINDOWS\System32\gdi32full.dll
0x00007ffd4c910000 - 0x00007ffd4c9ad000 	C:\WINDOWS\System32\msvcp_win.dll
0x00007ffd4ca70000 - 0x00007ffd4cb70000 	C:\WINDOWS\System32\ucrtbase.dll
0x00007ffd366f0000 - 0x00007ffd3698a000 	C:\WINDOWS\WinSxS\amd64_microsoft.windows.common-controls_6595b64144ccf1df_6.0.19041.1110_none_60b5254171f9507e\COMCTL32.dll
0x00007ffd4dd70000 - 0x00007ffd4dda0000 	C:\WINDOWS\System32\IMM32.DLL
0x000000005b050000 - 0x000000005b122000 	C:\Program Files\Unity\Hub\Editor\2019.4.6f1\Editor\Data\PlaybackEngines\AndroidPlayer\OpenJDK\jre\bin\msvcr100.dll
0x000000005a800000 - 0x000000005b049000 	C:\Program Files\Unity\Hub\Editor\2019.4.6f1\Editor\Data\PlaybackEngines\AndroidPlayer\OpenJDK\jre\bin\server\jvm.dll
0x00007ffd4eb80000 - 0x00007ffd4eb88000 	C:\WINDOWS\System32\PSAPI.DLL
0x00007ffd43610000 - 0x00007ffd43637000 	C:\WINDOWS\SYSTEM32\WINMM.dll
0x00007ffd462a0000 - 0x00007ffd462aa000 	C:\WINDOWS\SYSTEM32\VERSION.dll
0x00007ffd374f0000 - 0x00007ffd374f9000 	C:\WINDOWS\SYSTEM32\WSOCK32.dll
0x00007ffd4dda0000 - 0x00007ffd4de0b000 	C:\WINDOWS\System32\WS2_32.dll
0x00007ffd37490000 - 0x00007ffd3749f000 	C:\Program Files\Unity\Hub\Editor\2019.4.6f1\Editor\Data\PlaybackEngines\AndroidPlayer\OpenJDK\jre\bin\verify.dll
0x00007ffd219c0000 - 0x00007ffd219e9000 	C:\Program Files\Unity\Hub\Editor\2019.4.6f1\Editor\Data\PlaybackEngines\AndroidPlayer\OpenJDK\jre\bin\java.dll
0x00007ffd217d0000 - 0x00007ffd217e6000 	C:\Program Files\Unity\Hub\Editor\2019.4.6f1\Editor\Data\PlaybackEngines\AndroidPlayer\OpenJDK\jre\bin\zip.dll

VM Arguments:
java_command: <unknown>
java_class_path (initial): .
Launcher Type: SUN_STANDARD

Environment Variables:
JAVA_HOME=C:/Program Files/Unity/Hub/Editor/2019.4.6f1/Editor/Data/PlaybackEngines/AndroidPlayer\OpenJDK
PATH=C:\Program Files (x86)\NAT Service;C:\Program Files (x86)\Razer Chroma SDK\bin;C:\Program Files\Razer Chroma SDK\bin;C:\Program Files (x86)\Razer\ChromaBroadcast\bin;C:\Program Files\Razer\ChromaBroadcast\bin;C:\WINDOWS\system32;C:\WINDOWS;C:\WINDOWS\System32\Wbem;C:\WINDOWS\System32\WindowsPowerShell\v1.0\;C:\WINDOWS\System32\OpenSSH\;C:\Users\alsdn\AppData\Local\Microsoft\WindowsApps;C:\Program Files\Bandizip\;C:\Program Files (x86)\NVIDIA Corporation\PhysX\Common;C:\Program Files\NVIDIA Corporation\NVIDIA NvDLISR;C:\Users\alsdn\.dotnet\tools;C:\WINDOWS\system32;C:\WINDOWS;C:\WINDOWS\System32\Wbem;C:\WINDOWS\System32\WindowsPowerShell\v1.0\;C:\WINDOWS\System32\OpenSSH\;C:\Program Files\Microsoft SQL Server\Client SDK\ODBC\170\Tools\Binn\;C:\Program Files (x86)\Microsoft SQL Server\150\Tools\Binn\;C:\Program Files\Microsoft SQL Server\150\Tools\Binn\;C:\Program Files\Microsoft SQL Server\150\DTS\Binn\;C:\Program Files (x86)\Microsoft SQL Server\150\DTS\Binn\;C:\Program Files\Azure Data Studio\bin;C:\Program Files\Microsoft SQL Server\130\Tools\Binn\;C:\Program Files\Git LFS;C:\Program Files\Git\cmd;C:\Program Files\dotnet\;C:\Users\alsdn\AppData\Local\Microsoft\WindowsApps;C:\Program Files\Bandizip\;C:\Users\alsdn\.dotnet\tools;C:\Program Files\Azure Data Studio\bin;C:\Users\alsdn\AppData\Local\atom\bin;C:\Users\alsdn\AppData\Local\GitHubDesktop\bin;C:\Users\alsdn\.dotnet\tools
USERNAME=Woong
OS=Windows_NT
PROCESSOR_IDENTIFIER=AMD64 Family 23 Model 113 Stepping 0, AuthenticAMD



---------------  S Y S T E M  ---------------

OS: Windows 10.0 , 64 bit Build 19041 (10.0.19041.1806)

CPU:total 12 (initial active 12) (12 cores per cpu, 1 threads per core) family 23 model 113 stepping 0, cmov, cx8, fxsr, mmx, sse, sse2, sse3, ssse3, sse4.1, sse4.2, popcnt, avx, avx2, aes, clmul, mmxext, 3dnowpref, lzcnt, sse4a, tsc, tscinvbit, tscinv, bmi1

Memory: 4k page, physical 16700584k(7245436k free), swap 18797736k(5760k free)

vm_info: OpenJDK 64-Bit Server VM (25.71-b00) for windows-amd64 JRE (1.8.0-adoptopenjdk-_2018_05_19_00_59-b00), built on May 19 2018 01:02:12 by "jenkins" with MS VC++ 10.0 (VS2010)

time: Wed Jul 27 16:13:47 2022
elapsed time: 0 seconds (0d 0h 0m 0s)

